{"C:\\Users\\ASUS\\belajar-unit-test\\parking-lot\\src\\domain\\car.js": {"path":"C:\\Users\\ASUS\\belajar-unit-test\\parking-lot\\src\\domain\\car.js","statementMap":{"0":{"start":{"line":3,"column":4},"end":{"line":3,"column":57}},"1":{"start":{"line":3,"column":16},"end":{"line":3,"column":57}},"2":{"start":{"line":4,"column":4},"end":{"line":4,"column":23}},"3":{"start":{"line":8,"column":0},"end":{"line":8,"column":21}}},"fnMap":{"0":{"name":"(anonymous_0)","decl":{"start":{"line":2,"column":2},"end":{"line":2,"column":3}},"loc":{"start":{"line":2,"column":21},"end":{"line":5,"column":3}},"line":2}},"branchMap":{"0":{"loc":{"start":{"line":3,"column":4},"end":{"line":3,"column":57}},"type":"if","locations":[{"start":{"line":3,"column":4},"end":{"line":3,"column":57}},{"start":{},"end":{}}],"line":3}},"s":{"0":11,"1":1,"2":10,"3":2},"f":{"0":11},"b":{"0":[1,10]},"_coverageSchema":"1a1c01bbd47fc00a2c39e90264f33305004495a9","hash":"4d2ce6240258d8900a980ccf36ff9b168f51f7c6"}
,"C:\\Users\\ASUS\\belajar-unit-test\\parking-lot\\src\\domain\\parking-ticket.js": {"path":"C:\\Users\\ASUS\\belajar-unit-test\\parking-lot\\src\\domain\\parking-ticket.js","statementMap":{"0":{"start":{"line":3,"column":4},"end":{"line":3,"column":68}},"1":{"start":{"line":3,"column":23},"end":{"line":3,"column":68}},"2":{"start":{"line":4,"column":4},"end":{"line":4,"column":37}},"3":{"start":{"line":8,"column":0},"end":{"line":8,"column":31}}},"fnMap":{"0":{"name":"(anonymous_0)","decl":{"start":{"line":2,"column":2},"end":{"line":2,"column":3}},"loc":{"start":{"line":2,"column":28},"end":{"line":5,"column":3}},"line":2}},"branchMap":{"0":{"loc":{"start":{"line":3,"column":4},"end":{"line":3,"column":68}},"type":"if","locations":[{"start":{"line":3,"column":4},"end":{"line":3,"column":68}},{"start":{},"end":{}}],"line":3}},"s":{"0":9,"1":1,"2":8,"3":2},"f":{"0":9},"b":{"0":[1,8]},"_coverageSchema":"1a1c01bbd47fc00a2c39e90264f33305004495a9","hash":"a66e5c43ad9d12d6ae867ad4dd7f930ca7079aba"}
,"C:\\Users\\ASUS\\belajar-unit-test\\parking-lot\\src\\domain\\parkingLot.js": {"path":"C:\\Users\\ASUS\\belajar-unit-test\\parking-lot\\src\\domain\\parkingLot.js","statementMap":{"0":{"start":{"line":1,"column":12},"end":{"line":1,"column":28}},"1":{"start":{"line":2,"column":22},"end":{"line":2,"column":49}},"2":{"start":{"line":6,"column":4},"end":{"line":6,"column":29}},"3":{"start":{"line":7,"column":4},"end":{"line":7,"column":25}},"4":{"start":{"line":8,"column":4},"end":{"line":8,"column":27}},"5":{"start":{"line":13,"column":4},"end":{"line":13,"column":66}},"6":{"start":{"line":15,"column":4},"end":{"line":17,"column":5}},"7":{"start":{"line":16,"column":6},"end":{"line":16,"column":59}},"8":{"start":{"line":19,"column":4},"end":{"line":22,"column":5}},"9":{"start":{"line":20,"column":6},"end":{"line":20,"column":37}},"10":{"start":{"line":21,"column":6},"end":{"line":21,"column":31}},"11":{"start":{"line":25,"column":19},"end":{"line":25,"column":70}},"12":{"start":{"line":26,"column":4},"end":{"line":26,"column":24}},"13":{"start":{"line":27,"column":4},"end":{"line":27,"column":30}},"14":{"start":{"line":28,"column":4},"end":{"line":30,"column":6}},"15":{"start":{"line":31,"column":4},"end":{"line":31,"column":84}},"16":{"start":{"line":36,"column":4},"end":{"line":36,"column":76}},"17":{"start":{"line":38,"column":16},"end":{"line":40,"column":5}},"18":{"start":{"line":39,"column":15},"end":{"line":39,"column":69}},"19":{"start":{"line":41,"column":4},"end":{"line":44,"column":5}},"20":{"start":{"line":42,"column":6},"end":{"line":42,"column":61}},"21":{"start":{"line":43,"column":6},"end":{"line":43,"column":55}},"22":{"start":{"line":46,"column":4},"end":{"line":46,"column":79}},"23":{"start":{"line":46,"column":60},"end":{"line":46,"column":77}},"24":{"start":{"line":47,"column":4},"end":{"line":47,"column":67}},"25":{"start":{"line":48,"column":4},"end":{"line":48,"column":61}},"26":{"start":{"line":53,"column":4},"end":{"line":53,"column":74}},"27":{"start":{"line":54,"column":4},"end":{"line":54,"column":34}},"28":{"start":{"line":58,"column":0},"end":{"line":58,"column":28}}},"fnMap":{"0":{"name":"(anonymous_0)","decl":{"start":{"line":5,"column":2},"end":{"line":5,"column":3}},"loc":{"start":{"line":5,"column":24},"end":{"line":9,"column":3}},"line":5},"1":{"name":"(anonymous_1)","decl":{"start":{"line":12,"column":2},"end":{"line":12,"column":3}},"loc":{"start":{"line":12,"column":12},"end":{"line":32,"column":3}},"line":12},"2":{"name":"(anonymous_2)","decl":{"start":{"line":35,"column":2},"end":{"line":35,"column":3}},"loc":{"start":{"line":35,"column":23},"end":{"line":49,"column":3}},"line":35},"3":{"name":"(anonymous_3)","decl":{"start":{"line":39,"column":6},"end":{"line":39,"column":7}},"loc":{"start":{"line":39,"column":15},"end":{"line":39,"column":69}},"line":39},"4":{"name":"(anonymous_4)","decl":{"start":{"line":46,"column":45},"end":{"line":46,"column":46}},"loc":{"start":{"line":46,"column":60},"end":{"line":46,"column":77}},"line":46},"5":{"name":"(anonymous_5)","decl":{"start":{"line":52,"column":2},"end":{"line":52,"column":3}},"loc":{"start":{"line":52,"column":16},"end":{"line":55,"column":3}},"line":52}},"branchMap":{"0":{"loc":{"start":{"line":15,"column":4},"end":{"line":17,"column":5}},"type":"if","locations":[{"start":{"line":15,"column":4},"end":{"line":17,"column":5}},{"start":{},"end":{}}],"line":15},"1":{"loc":{"start":{"line":19,"column":4},"end":{"line":22,"column":5}},"type":"if","locations":[{"start":{"line":19,"column":4},"end":{"line":22,"column":5}},{"start":{},"end":{}}],"line":19},"2":{"loc":{"start":{"line":39,"column":15},"end":{"line":39,"column":69}},"type":"binary-expr","locations":[{"start":{"line":39,"column":15},"end":{"line":39,"column":25}},{"start":{"line":39,"column":29},"end":{"line":39,"column":69}}],"line":39},"3":{"loc":{"start":{"line":41,"column":4},"end":{"line":44,"column":5}},"type":"if","locations":[{"start":{"line":41,"column":4},"end":{"line":44,"column":5}},{"start":{},"end":{}}],"line":41}},"s":{"0":1,"1":1,"2":6,"3":6,"4":6,"5":9,"6":9,"7":1,"8":8,"9":1,"10":1,"11":7,"12":7,"13":7,"14":7,"15":7,"16":2,"17":2,"18":2,"19":2,"20":1,"21":1,"22":1,"23":1,"24":1,"25":1,"26":1,"27":1,"28":1},"f":{"0":6,"1":9,"2":2,"3":2,"4":1,"5":1},"b":{"0":[1,8],"1":[1,7],"2":[2,2],"3":[1,1]},"_coverageSchema":"1a1c01bbd47fc00a2c39e90264f33305004495a9","hash":"57972fffc586fd92b757c6a540742002ad1a26e1"}
}
