TN:
SF:src\domain\car.js
FN:2,(anonymous_0)
FNF:1
FNH:1
FNDA:11,(anonymous_0)
DA:3,11
DA:4,10
DA:8,2
LF:3
LH:3
BRDA:3,0,0,1
BRDA:3,0,1,10
BRF:2
BRH:2
end_of_record
TN:
SF:src\domain\parking-ticket.js
FN:2,(anonymous_0)
FNF:1
FNH:1
FNDA:9,(anonymous_0)
DA:3,9
DA:4,8
DA:8,2
LF:3
LH:3
BRDA:3,0,0,1
BRDA:3,0,1,8
BRF:2
BRH:2
end_of_record
TN:
SF:src\domain\parkingLot.js
FN:5,(anonymous_0)
FN:12,(anonymous_1)
FN:35,(anonymous_2)
FN:39,(anonymous_3)
FN:46,(anonymous_4)
FN:52,(anonymous_5)
FNF:6
FNH:6
FNDA:6,(anonymous_0)
FNDA:9,(anonymous_1)
FNDA:2,(anonymous_2)
FNDA:2,(anonymous_3)
FNDA:1,(anonymous_4)
FNDA:1,(anonymous_5)
DA:1,1
DA:2,1
DA:6,6
DA:7,6
DA:8,6
DA:13,9
DA:15,9
DA:16,1
DA:19,8
DA:20,1
DA:21,1
DA:25,7
DA:26,7
DA:27,7
DA:28,7
DA:31,7
DA:36,2
DA:38,2
DA:39,2
DA:41,2
DA:42,1
DA:43,1
DA:46,1
DA:47,1
DA:48,1
DA:53,1
DA:54,1
DA:58,1
LF:28
LH:28
BRDA:15,0,0,1
BRDA:15,0,1,8
BRDA:19,1,0,1
BRDA:19,1,1,7
BRDA:39,2,0,2
BRDA:39,2,1,2
BRDA:41,3,0,1
BRDA:41,3,1,1
BRF:8
BRH:8
end_of_record
